<?xml version="1.0" encoding="UTF-8"?>
<!-- Generated by org.testng.reporters.JUnitXMLReporter -->
<testsuite hostname="arun" ignored="1" name="Default test(failed)" tests="2" failures="1" timestamp="20 Mar 2023 09:03:11 GMT" time="45.927" errors="0">
  <testcase name="cart_TestCase_5" time="13.496" classname="org.cart.Demo">
    <failure type="java.lang.AssertionError" message="expected [true] but found [false]">
      <![CDATA[java.lang.AssertionError: expected [true] but found [false]
at org.cart.Demo.cart_TestCase_5(Demo.java:61)
... Removed 29 stack frames]]>
    </failure>
  </testcase> <!-- cart_TestCase_5 -->
  <testcase name="w3School" time="32.358" classname="org.cart.Demo"/>
  <testcase name="cart_TestCase_9" time="0.0" classname="org.cart.Demo">
    <ignored/>
  </testcase> <!-- cart_TestCase_9 -->
</testsuite> <!-- Default test(failed) -->
