<?xml version="1.0" encoding="UTF-8"?>
<!-- Generated by org.testng.reporters.JUnitXMLReporter -->
<testsuite hostname="arun" ignored="3" name="Test" tests="10" failures="2" timestamp="20 Mar 2023 10:35:00 GMT" time="0.11" errors="0">
  <testcase name="testCase3" time="0.017" classname="org.cart.Demo">
    <skipped/>
  </testcase> <!-- testCase3 -->
  <testcase name="testCase3" time="0.002" classname="org.cart.Demo">
    <skipped/>
  </testcase> <!-- testCase3 -->
  <testcase name="testCase3" time="0.001" classname="org.cart.Demo">
    <skipped/>
  </testcase> <!-- testCase3 -->
  <testcase name="testCase3" time="0.002" classname="org.cart.Demo">
    <failure type="java.lang.AssertionError" message="expected [false] but found [true]">
      <![CDATA[java.lang.AssertionError: expected [false] but found [true]
at org.cart.Demo.testCase3(Demo.java:97)
... Removed 31 stack frames]]>
    </failure>
  </testcase> <!-- testCase3 -->
  <testcase name="testCase33" time="0.002" classname="org.cart.Demo">
    <skipped/>
  </testcase> <!-- testCase33 -->
  <testcase name="testCase33" time="0.002" classname="org.cart.Demo">
    <skipped/>
  </testcase> <!-- testCase33 -->
  <testcase name="testCase33" time="0.002" classname="org.cart.Demo">
    <skipped/>
  </testcase> <!-- testCase33 -->
  <testcase name="testCase33" time="0.007" classname="org.cart.Demo">
    <failure type="java.lang.AssertionError" message="expected [false] but found [true]">
      <![CDATA[java.lang.AssertionError: expected [false] but found [true]
at org.cart.Demo.testCase33(Demo.java:79)
... Removed 31 stack frames]]>
    </failure>
  </testcase> <!-- testCase33 -->
  <testcase name="testCase34" time="0.001" classname="org.cart.Demo"/>
  <testcase name="testCase4" time="0.002" classname="org.cart.Demo"/>
  <testcase name="cart_TestCase_5" time="0.0" classname="org.cart.Demo">
    <ignored/>
  </testcase> <!-- cart_TestCase_5 -->
  <testcase name="cart_TestCase_9" time="0.0" classname="org.cart.Demo">
    <ignored/>
  </testcase> <!-- cart_TestCase_9 -->
  <testcase name="w3School" time="0.0" classname="org.cart.Demo">
    <ignored/>
  </testcase> <!-- w3School -->
</testsuite> <!-- Test -->
