<?xml version="1.0" encoding="UTF-8"?>
<testng-results skipped="0" failed="0" ignored="0" total="1" passed="1">
  <reporter-output>
  </reporter-output>
  <suite name="Default suite" duration-ms="56622" started-at="2023-05-05T06:15:08Z" finished-at="2023-05-05T06:16:05Z">
    <groups>
    </groups>
    <test name="Default test" duration-ms="56622" started-at="2023-05-05T06:15:08Z" finished-at="2023-05-05T06:16:05Z">
      <class name="org.cart.Broken_Links">
        <test-method status="PASS" signature="brokenLinks_2()[pri:0, instance:org.cart.Broken_Links@7cd62f43]" name="brokenLinks_2" duration-ms="56570" started-at="2023-05-05T06:15:08Z" finished-at="2023-05-05T06:16:05Z">
          <reporter-output>
          </reporter-output>
        </test-method> <!-- brokenLinks_2 -->
      </class> <!-- org.cart.Broken_Links -->
    </test> <!-- Default test -->
  </suite> <!-- Default suite -->
</testng-results>
